Arguments: 
  D:\node\node.exe D:\yarn\bin\yarn.js add --dev @types/ts-node @types/mocha

PATH: 
  C:\Program Files (x86)\GNU\GNU Smalltalk\;C:\Program Files (x86)\NetSarang\Xshell 6\;C:\Program Files\Intel\iCLS Client\;C:\WINDOWS\system32;C:\WINDOWS;C:\WINDOWS\System32\Wbem;C:\WINDOWS\System32\WindowsPowerShell\v1.0\;C:\WINDOWS\System32\OpenSSH\;C:\Program Files\Git\cmd;D:\Program Files\nodejs\;D:\Program Files\Vim;C:\Program Files\Intel\WiFi\bin\;C:\Program Files\Common Files\Intel\WirelessCommon\;D:\node\;D:\yarn\bin\;C:\Program Files (x86)\Intel\Intel(R) Management Engine Components\DAL;C:\Program Files\Intel\Intel(R) Management Engine Components\DAL;C:\Users\zhenlq\AppData\Local\Microsoft\WindowsApps;C:\Users\zhenlq\AppData\Local\Programs\Microsoft VS Code\bin;C:\Users\zhenlq\AppData\Roaming\npm;C:\Users\zhenlq\AppData\Local\Yarn\bin;D:\WebStorm\WebStorm 2020.2\bin

Yarn version: 
  1.22.0

Node version: 
  10.16.3

Platform: 
  win32 x64

Trace: 
  Error: https://registry.npmjs.org/@types%2fts-node: Not found
      at Request.params.callback [as _callback] (D:\yarn\lib\cli.js:66084:18)
      at Request.self.callback (D:\yarn\lib\cli.js:140727:22)
      at Request.emit (events.js:198:13)
      at Request.<anonymous> (D:\yarn\lib\cli.js:141699:10)
      at Request.emit (events.js:198:13)
      at IncomingMessage.<anonymous> (D:\yarn\lib\cli.js:141621:12)
      at Object.onceWrapper (events.js:286:20)
      at IncomingMessage.emit (events.js:203:15)
      at endReadableNT (_stream_readable.js:1145:12)
      at process._tickCallback (internal/process/next_tick.js:63:19)

npm manifest: 
  {
    "name": "Promise",
    "version": "1.0.0",
    "main": "index.js",
    "repository": "git@github.com:sunkuangdong/Promise.git",
    "author": "sunkuangdong <sunkuangdong@ele-cloud.com>",
    "license": "MIT"
  }

yarn manifest: 
  No manifest

Lockfile: 
  No lockfile
